Using pre-set license

 COMMAND LINE ARGUMENTS:
/Applications/Unity/Hub/Editor/2020.3.8f1/Unity.app/Contents/MacOS/Unity
-adb2
-batchMode
-noUpm
-name
AssetImportWorker0
-projectPath
/Users/lavrajrimal/Documents/Developer/Diyalo/UnityGames/RPG Project
-logFile
Logs/AssetImportWorker0.log
-srvPort
49356
Successfully changed project path to: /Users/lavrajrimal/Documents/Developer/Diyalo/UnityGames/RPG Project
/Users/lavrajrimal/Documents/Developer/Diyalo/UnityGames/RPG Project
Using Asset Import Pipeline V2.
Refreshing native plugins compatible for Editor in 29.57 ms, found 1 plugins.
Preloading 0 native plugins for Editor in 0.00 ms.
Initialize engine version: 2020.3.8f1 (507919d4fff5)
[Subsystems] Discovering subsystems at path /Applications/Unity/Hub/Editor/2020.3.8f1/Unity.app/Contents/Resources/UnitySubsystems
[Subsystems] Discovering subsystems at path /Users/lavrajrimal/Documents/Developer/Diyalo/UnityGames/RPG Project/Assets
GfxDevice: creating device client; threaded=0
2021-06-29 12:29:14.817 Unity[17827:2774518] Color LCD preferred device: Intel(R) Iris(TM) Plus Graphics (low power)
2021-06-29 12:29:14.817 Unity[17827:2774518] Metal devices available: 1
2021-06-29 12:29:14.817 Unity[17827:2774518] 0: Intel(R) Iris(TM) Plus Graphics (low power)
2021-06-29 12:29:14.817 Unity[17827:2774518] Using device Intel(R) Iris(TM) Plus Graphics (low power)
Initializing Metal device caps: Intel(R) Iris(TM) Plus Graphics
Initialize mono
Mono path[0] = '/Applications/Unity/Hub/Editor/2020.3.8f1/Unity.app/Contents/Managed'
Mono path[1] = '/Applications/Unity/Hub/Editor/2020.3.8f1/Unity.app/Contents/MonoBleedingEdge/lib/mono/unityjit'
Mono config path = '/Applications/Unity/Hub/Editor/2020.3.8f1/Unity.app/Contents/MonoBleedingEdge/etc'
Using monoOptions --debugger-agent=transport=dt_socket,embedding=1,server=y,suspend=n,address=127.0.0.1:56827
Begin MonoManager ReloadAssembly
Registering precompiled unity dll's ...
Register platform support module: /Applications/Unity/Hub/Editor/2020.3.8f1/PlaybackEngines/WebGLSupport/UnityEditor.WebGL.Extensions.dll
Register platform support module: /Applications/Unity/Hub/Editor/2020.3.8f1/Unity.app/Contents/PlaybackEngines/MacStandaloneSupport/UnityEditor.OSXStandalone.Extensions.dll
Registered in 0.000874 seconds.
Native extension for OSXStandalone target not found
Native extension for WebGL target not found
Refreshing native plugins compatible for Editor in 34.01 ms, found 1 plugins.
Preloading 0 native plugins for Editor in 0.00 ms.
Mono: successfully reloaded assembly
- Completed reload, in  3.139 seconds
Platform modules already initialized, skipping
Registering precompiled user dll's ...
Registered in 0.000597 seconds.
Begin MonoManager ReloadAssembly
Native extension for OSXStandalone target not found
Native extension for WebGL target not found
Refreshing native plugins compatible for Editor in 0.34 ms, found 1 plugins.
Preloading 0 native plugins for Editor in 0.00 ms.
Mono: successfully reloaded assembly
- Completed reload, in  1.259 seconds
Platform modules already initialized, skipping
========================================================================
Worker process is ready to serve import requests
Launching external process: /Applications/Unity/Hub/Editor/2020.3.8f1/Unity.app/Contents/Tools/UnityShaderCompiler
Launched and connected shader compiler UnityShaderCompiler after 0.02 seconds
Refreshing native plugins compatible for Editor in 0.33 ms, found 1 plugins.
Preloading 0 native plugins for Editor in 0.00 ms.
Unloading 1290 Unused Serialized files (Serialized files now loaded: 0)
System memory in use before: 137.5 MB.
System memory in use after: 137.5 MB.

Unloading 11 unused Assets to reduce memory usage. Loaded Objects now: 1754.
Total: 3.025028 ms (FindLiveObjects: 0.206410 ms CreateObjectMapping: 0.059360 ms MarkObjects: 2.475019 ms  DeleteObjects: 0.281428 ms)

========================================================================
Received Import Request.
  path: Assets/Game/Core/Progression.asset
  artifactKey: Guid(f46b895cfb1fe4e85b304d4c7749e706) Importer(815301076,1909f56bfc062723c751e8b465ee728b)
Start importing Assets/Game/Core/Progression.asset using Guid(f46b895cfb1fe4e85b304d4c7749e706) Importer(815301076,1909f56bfc062723c751e8b465ee728b)  -> (artifact id: 'd2d251b40217e8c7e09949a9217e8497') in 1.076708 seconds
  Import took 1.080594 seconds .

========================================================================
Received Prepare
Registering precompiled user dll's ...
Registered in 0.000462 seconds.
Begin MonoManager ReloadAssembly
Native extension for OSXStandalone target not found
Native extension for WebGL target not found
Refreshing native plugins compatible for Editor in 0.30 ms, found 1 plugins.
Preloading 0 native plugins for Editor in 0.00 ms.
Mono: successfully reloaded assembly
- Completed reload, in  1.006 seconds
Platform modules already initialized, skipping
Refreshing native plugins compatible for Editor in 0.42 ms, found 1 plugins.
Preloading 0 native plugins for Editor in 0.00 ms.
Unloading 1282 Unused Serialized files (Serialized files now loaded: 0)
System memory in use before: 141.7 MB.
System memory in use after: 141.7 MB.

Unloading 6 unused Assets to reduce memory usage. Loaded Objects now: 1757.
Total: 1.825869 ms (FindLiveObjects: 0.156129 ms CreateObjectMapping: 0.046073 ms MarkObjects: 1.515849 ms  DeleteObjects: 0.106657 ms)

========================================================================
Received Import Request.
  Time since last request: 58.503678 seconds.
  path: Assets/Game/Characters/Character.prefab
  artifactKey: Guid(84f622d12419e4d3f89d6f52aa334502) Importer(815301076,1909f56bfc062723c751e8b465ee728b)
Start importing Assets/Game/Characters/Character.prefab using Guid(84f622d12419e4d3f89d6f52aa334502) Importer(815301076,1909f56bfc062723c751e8b465ee728b)  -> (artifact id: '52a8d9d38f15dabd7228469467c74fe9') in 0.435703 seconds
  Import took 0.438501 seconds .

========================================================================
Received Prepare
Registering precompiled user dll's ...
Registered in 0.000457 seconds.
Begin MonoManager ReloadAssembly
Native extension for OSXStandalone target not found
Native extension for WebGL target not found
Refreshing native plugins compatible for Editor in 0.27 ms, found 1 plugins.
Preloading 0 native plugins for Editor in 0.00 ms.
Mono: successfully reloaded assembly
- Completed reload, in  1.004 seconds
Platform modules already initialized, skipping
Refreshing native plugins compatible for Editor in 0.35 ms, found 1 plugins.
Preloading 0 native plugins for Editor in 0.00 ms.
Unloading 1282 Unused Serialized files (Serialized files now loaded: 0)
System memory in use before: 146.2 MB.
System memory in use after: 146.3 MB.

Unloading 6 unused Assets to reduce memory usage. Loaded Objects now: 1760.
Total: 2.385725 ms (FindLiveObjects: 0.299284 ms CreateObjectMapping: 0.172347 ms MarkObjects: 1.774205 ms  DeleteObjects: 0.136862 ms)

========================================================================
Received Import Request.
  Time since last request: 443.434564 seconds.
  path: Assets/Game/Core/Saving.prefab
  artifactKey: Guid(6ab13222fe7a44865869074977f3ac07) Importer(815301076,1909f56bfc062723c751e8b465ee728b)
Start importing Assets/Game/Core/Saving.prefab using Guid(6ab13222fe7a44865869074977f3ac07) Importer(815301076,1909f56bfc062723c751e8b465ee728b)  -> (artifact id: '15f98c059206a2e93e90bcd7227293a5') in 0.033526 seconds
  Import took 0.036932 seconds .

========================================================================
Received Import Request.
  Time since last request: 77.166656 seconds.
  path: Assets/Game/Core/Progression.asset
  artifactKey: Guid(f46b895cfb1fe4e85b304d4c7749e706) Importer(815301076,1909f56bfc062723c751e8b465ee728b)
Start importing Assets/Game/Core/Progression.asset using Guid(f46b895cfb1fe4e85b304d4c7749e706) Importer(815301076,1909f56bfc062723c751e8b465ee728b)  -> (artifact id: '422984a235c34870d332499bd8316868') in 0.007484 seconds
  Import took 0.012198 seconds .

AssetImportWorkerClient::OnTransportError - code=2 error=End of file
